<?xml version="1.0" encoding="UTF-8"?>
<testsuite xmlns:xsi="http://www.w3.org/2001/XMLSchema-instance" xsi:noNamespaceSchemaLocation="https://maven.apache.org/surefire/maven-surefire-plugin/xsd/surefire-test-report.xsd" name="lt.vu.mif.jate.task01.Banking01Test" time="0.396" tests="1" errors="0" skipped="0" failures="1">
  <properties>
[...]
</properties>
  <testcase name="bankTest" classname="lt.vu.mif.jate.task01.Banking01Test" time="0.094">
    <failure message="expected:&lt;lt.vu.mif.jate.task01.bank.Bank@e6ea0c6&gt; but was:&lt;lt.vu.mif.jate.task01.bank.Bank@6a38e57f&gt;" type="junit.framework.AssertionFailedError"><![CDATA[junit.framework.AssertionFailedError: expected:<lt.vu.mif.jate.task01.bank.Bank@e6ea0c6> but was:<lt.vu.mif.jate.task01.bank.Bank@6a38e57f>
	at lt.vu.mif.jate.task01.Banking01Test.bankTest(Banking01Test.java:89)
]]></failure>
  </testcase>
</testsuite>